# JRE version: Java(TM) SE Runtime Environment (8.0_131-b11) (build 1.8.0_131-b11)
# Java VM: Java HotSpot(TM) 64-Bit Server VM (25.131-b11 mixed mode windows-amd64 compressed oops)
Heap:
 PSYoungGen      total 100352K, used 73682K [0x00000000eab00000, 0x00000000f2b80000, 0x0000000100000000)
  eden space 90624K, 71% used [0x00000000eab00000,0x00000000eeaaec78,0x00000000f0380000)
  from space 9728K, 87% used [0x00000000f0380000,0x00000000f0bc5f48,0x00000000f0d00000)
  to   space 10240K, 0% used [0x00000000f2180000,0x00000000f2180000,0x00000000f2b80000)
 ParOldGen       total 80384K, used 16345K [0x00000000c0000000, 0x00000000c4e80000, 0x00000000eab00000)
  object space 80384K, 20% used [0x00000000c0000000,0x00000000c0ff66f8,0x00000000c4e80000)
 Metaspace       used 40791K, capacity 41628K, committed 41856K, reserved 1085440K
  class space    used 5782K, capacity 6016K, committed 6016K, reserved 1048576K
GC Heap History (10 events):
Event: 11.038 GC heap before
{Heap before GC invocations=9 (full 1):
 PSYoungGen      total 43520K, used 38767K [0x00000000eab00000, 0x00000000efa80000, 0x0000000100000000)
  eden space 32768K, 100% used [0x00000000eab00000,0x00000000ecb00000,0x00000000ecb00000)
  from space 10752K, 55% used [0x00000000ecb00000,0x00000000ed0dbfe0,0x00000000ed580000)
  to   space 10240K, 0% used [0x00000000ef080000,0x00000000ef080000,0x00000000efa80000)
 ParOldGen       total 49664K, used 7234K [0x00000000c0000000, 0x00000000c3080000, 0x00000000eab00000)
  object space 49664K, 14% used [0x00000000c0000000,0x00000000c07109a8,0x00000000c3080000)
 Metaspace       used 28445K, capacity 28860K, committed 29184K, reserved 1075200K
  class space    used 3906K, capacity 4067K, committed 4096K, reserved 1048576K
Event: 11.042 GC heap after
Heap after GC invocations=9 (full 1):
 PSYoungGen      total 70144K, used 5647K [0x00000000eab00000, 0x00000000efa00000, 0x0000000100000000)
  eden space 60416K, 0% used [0x00000000eab00000,0x00000000eab00000,0x00000000ee600000)
  from space 9728K, 58% used [0x00000000ef080000,0x00000000ef603e90,0x00000000efa00000)
  to   space 10240K, 0% used [0x00000000ee600000,0x00000000ee600000,0x00000000ef000000)
 ParOldGen       total 49664K, used 7242K [0x00000000c0000000, 0x00000000c3080000, 0x00000000eab00000)
  object space 49664K, 14% used [0x00000000c0000000,0x00000000c07129a8,0x00000000c3080000)
 Metaspace       used 28445K, capacity 28860K, committed 29184K, reserved 1075200K
  class space    used 3906K, capacity 4067K, committed 4096K, reserved 1048576K
}
Event: 11.936 GC heap before
{Heap before GC invocations=10 (full 1):
 PSYoungGen      total 70144K, used 66063K [0x00000000eab00000, 0x00000000efa00000, 0x0000000100000000)
  eden space 60416K, 100% used [0x00000000eab00000,0x00000000ee600000,0x00000000ee600000)
  from space 9728K, 58% used [0x00000000ef080000,0x00000000ef603e90,0x00000000efa00000)
  to   space 10240K, 0% used [0x00000000ee600000,0x00000000ee600000,0x00000000ef000000)
 ParOldGen       total 49664K, used 7242K [0x00000000c0000000, 0x00000000c3080000, 0x00000000eab00000)
  object space 49664K, 14% used [0x00000000c0000000,0x00000000c07129a8,0x00000000c3080000)
 Metaspace       used 31384K, capacity 31920K, committed 32256K, reserved 1077248K
  class space    used 4314K, capacity 4484K, committed 4608K, reserved 1048576K
Event: 11.943 GC heap after
Heap after GC invocations=10 (full 1):
 PSYoungGen      total 70656K, used 7553K [0x00000000eab00000, 0x00000000f1780000, 0x0000000100000000)
  eden space 60416K, 0% used [0x00000000eab00000,0x00000000eab00000,0x00000000ee600000)
  from space 10240K, 73% used [0x00000000ee600000,0x00000000eed60698,0x00000000ef000000)
  to   space 10240K, 0% used [0x00000000f0d80000,0x00000000f0d80000,0x00000000f1780000)
 ParOldGen       total 49664K, used 7250K [0x00000000c0000000, 0x00000000c3080000, 0x00000000eab00000)
  object space 49664K, 14% used [0x00000000c0000000,0x00000000c07149a8,0x00000000c3080000)
 Metaspace       used 31384K, capacity 31920K, committed 32256K, reserved 1077248K
  class space    used 4314K, capacity 4484K, committed 4608K, reserved 1048576K
}
Event: 12.679 GC heap before
{Heap before GC invocations=11 (full 1):
 PSYoungGen      total 70656K, used 59145K [0x00000000eab00000, 0x00000000f1780000, 0x0000000100000000)
  eden space 60416K, 85% used [0x00000000eab00000,0x00000000edd61e98,0x00000000ee600000)
  from space 10240K, 73% used [0x00000000ee600000,0x00000000eed60698,0x00000000ef000000)
  to   space 10240K, 0% used [0x00000000f0d80000,0x00000000f0d80000,0x00000000f1780000)
 ParOldGen       total 49664K, used 7250K [0x00000000c0000000, 0x00000000c3080000, 0x00000000eab00000)
  object space 49664K, 14% used [0x00000000c0000000,0x00000000c07149a8,0x00000000c3080000)
 Metaspace       used 34759K, capacity 35428K, committed 35496K, reserved 1079296K
  class space    used 4887K, capacity 5115K, committed 5120K, reserved 1048576K
Event: 12.690 GC heap after
Heap after GC invocations=11 (full 1):
 PSYoungGen      total 99840K, used 6559K [0x00000000eab00000, 0x00000000f1680000, 0x0000000100000000)
  eden space 90624K, 0% used [0x00000000eab00000,0x00000000eab00000,0x00000000f0380000)
  from space 9216K, 71% used [0x00000000f0d80000,0x00000000f13e7ef8,0x00000000f1680000)
  to   space 9728K, 0% used [0x00000000f0380000,0x00000000f0380000,0x00000000f0d00000)
 ParOldGen       total 49664K, used 10743K [0x00000000c0000000, 0x00000000c3080000, 0x00000000eab00000)
  object space 49664K, 21% used [0x00000000c0000000,0x00000000c0a7dc98,0x00000000c3080000)
 Metaspace       used 34759K, capacity 35428K, committed 35496K, reserved 1079296K
  class space    used 4887K, capacity 5115K, committed 5120K, reserved 1048576K
}
Event: 12.690 GC heap before
{Heap before GC invocations=12 (full 2):
 PSYoungGen      total 99840K, used 6559K [0x00000000eab00000, 0x00000000f1680000, 0x0000000100000000)
  eden space 90624K, 0% used [0x00000000eab00000,0x00000000eab00000,0x00000000f0380000)
  from space 9216K, 71% used [0x00000000f0d80000,0x00000000f13e7ef8,0x00000000f1680000)
  to   space 9728K, 0% used [0x00000000f0380000,0x00000000f0380000,0x00000000f0d00000)
 ParOldGen       total 49664K, used 10743K [0x00000000c0000000, 0x00000000c3080000, 0x00000000eab00000)
  object space 49664K, 21% used [0x00000000c0000000,0x00000000c0a7dc98,0x00000000c3080000)
 Metaspace       used 34759K, capacity 35428K, committed 35496K, reserved 1079296K
  class space    used 4887K, capacity 5115K, committed 5120K, reserved 1048576K
Event: 12.795 GC heap after
Heap after GC invocations=12 (full 2):
 PSYoungGen      total 99840K, used 0K [0x00000000eab00000, 0x00000000f1680000, 0x0000000100000000)
  eden space 90624K, 0% used [0x00000000eab00000,0x00000000eab00000,0x00000000f0380000)
  from space 9216K, 0% used [0x00000000f0d80000,0x00000000f0d80000,0x00000000f1680000)
  to   space 9728K, 0% used [0x00000000f0380000,0x00000000f0380000,0x00000000f0d00000)
 ParOldGen       total 80384K, used 16337K [0x00000000c0000000, 0x00000000c4e80000, 0x00000000eab00000)
  object space 80384K, 20% used [0x00000000c0000000,0x00000000c0ff46f8,0x00000000c4e80000)
 Metaspace       used 34478K, capacity 35016K, committed 35496K, reserved 1079296K
  class space    used 4820K, capacity 4999K, committed 5120K, reserved 1048576K
}
Event: 14.674 GC heap before
{Heap before GC invocations=13 (full 2):
 PSYoungGen      total 99840K, used 90624K [0x00000000eab00000, 0x00000000f1680000, 0x0000000100000000)
  eden space 90624K, 100% used [0x00000000eab00000,0x00000000f0380000,0x00000000f0380000)
  from space 9216K, 0% used [0x00000000f0d80000,0x00000000f0d80000,0x00000000f1680000)
  to   space 9728K, 0% used [0x00000000f0380000,0x00000000f0380000,0x00000000f0d00000)
 ParOldGen       total 80384K, used 16337K [0x00000000c0000000, 0x00000000c4e80000, 0x00000000eab00000)
  object space 80384K, 20% used [0x00000000c0000000,0x00000000c0ff46f8,0x00000000c4e80000)
 Metaspace       used 39555K, capacity 40286K, committed 40448K, reserved 1083392K
  class space    used 5600K, capacity 5810K, committed 5888K, reserved 1048576K
Event: 14.681 GC heap after
Heap after GC invocations=13 (full 2):
 PSYoungGen      total 100352K, used 8471K [0x00000000eab00000, 0x00000000f2b80000, 0x0000000100000000)
  eden space 90624K, 0% used [0x00000000eab00000,0x00000000eab00000,0x00000000f0380000)
  from space 9728K, 87% used [0x00000000f0380000,0x00000000f0bc5f48,0x00000000f0d00000)
  to   space 10240K, 0% used [0x00000000f2180000,0x00000000f2180000,0x00000000f2b80000)
 ParOldGen       total 80384K, used 16345K [0x00000000c0000000, 0x00000000c4e80000, 0x00000000eab00000)
  object space 80384K, 20% used [0x00000000c0000000,0x00000000c0ff66f8,0x00000000c4e80000)
 Metaspace       used 39555K, capacity 40286K, committed 40448K, reserved 1083392K
  class space    used 5600K, capacity 5810K, committed 5888K, reserved 1048576K
}

