# JRE version: Java(TM) SE Runtime Environment (8.0_131-b11) (build 1.8.0_131-b11)
# Java VM: Java HotSpot(TM) 64-Bit Server VM (25.131-b11 mixed mode windows-amd64 compressed oops)
Heap:
 PSYoungGen      total 37888K, used 9824K [0x00000000eab00000, 0x00000000ed500000, 0x0000000100000000)
  eden space 32768K, 19% used [0x00000000eab00000,0x00000000eb165d28,0x00000000ecb00000)
  from space 5120K, 63% used [0x00000000ed000000,0x00000000ed332528,0x00000000ed500000)
  to   space 5120K, 0% used [0x00000000ecb00000,0x00000000ecb00000,0x00000000ed000000)
 ParOldGen       total 86016K, used 3862K [0x00000000c0000000, 0x00000000c5400000, 0x00000000eab00000)
  object space 86016K, 4% used [0x00000000c0000000,0x00000000c03c5810,0x00000000c5400000)
 Metaspace       used 15647K, capacity 15824K, committed 16128K, reserved 1064960K
  class space    used 1435K, capacity 1460K, committed 1536K, reserved 1048576K
GC Heap History (10 events):
Event: 2.181 GC heap before
{Heap before GC invocations=4 (full 0):
 PSYoungGen      total 37888K, used 37874K [0x00000000eab00000, 0x00000000ed500000, 0x0000000100000000)
  eden space 32768K, 100% used [0x00000000eab00000,0x00000000ecb00000,0x00000000ecb00000)
  from space 5120K, 99% used [0x00000000ecb00000,0x00000000ecffcad8,0x00000000ed000000)
  to   space 5120K, 0% used [0x00000000ed000000,0x00000000ed000000,0x00000000ed500000)
 ParOldGen       total 86016K, used 210K [0x00000000c0000000, 0x00000000c5400000, 0x00000000eab00000)
  object space 86016K, 0% used [0x00000000c0000000,0x00000000c0034928,0x00000000c5400000)
 Metaspace       used 12923K, capacity 13300K, committed 13568K, reserved 1060864K
  class space    used 1227K, capacity 1264K, committed 1280K, reserved 1048576K
Event: 2.185 GC heap after
Heap after GC invocations=4 (full 0):
 PSYoungGen      total 37888K, used 5103K [0x00000000eab00000, 0x00000000ed500000, 0x0000000100000000)
  eden space 32768K, 0% used [0x00000000eab00000,0x00000000eab00000,0x00000000ecb00000)
  from space 5120K, 99% used [0x00000000ed000000,0x00000000ed4fbc30,0x00000000ed500000)
  to   space 5120K, 0% used [0x00000000ecb00000,0x00000000ecb00000,0x00000000ed000000)
 ParOldGen       total 86016K, used 545K [0x00000000c0000000, 0x00000000c5400000, 0x00000000eab00000)
  object space 86016K, 0% used [0x00000000c0000000,0x00000000c0088530,0x00000000c5400000)
 Metaspace       used 12923K, capacity 13300K, committed 13568K, reserved 1060864K
  class space    used 1227K, capacity 1264K, committed 1280K, reserved 1048576K
}
Event: 2.313 GC heap before
{Heap before GC invocations=5 (full 0):
 PSYoungGen      total 37888K, used 37871K [0x00000000eab00000, 0x00000000ed500000, 0x0000000100000000)
  eden space 32768K, 100% used [0x00000000eab00000,0x00000000ecb00000,0x00000000ecb00000)
  from space 5120K, 99% used [0x00000000ed000000,0x00000000ed4fbc30,0x00000000ed500000)
  to   space 5120K, 0% used [0x00000000ecb00000,0x00000000ecb00000,0x00000000ed000000)
 ParOldGen       total 86016K, used 545K [0x00000000c0000000, 0x00000000c5400000, 0x00000000eab00000)
  object space 86016K, 0% used [0x00000000c0000000,0x00000000c0088530,0x00000000c5400000)
 Metaspace       used 13392K, capacity 13716K, committed 13952K, reserved 1062912K
  class space    used 1262K, capacity 1296K, committed 1408K, reserved 1048576K
Event: 2.317 GC heap after
Heap after GC invocations=5 (full 0):
 PSYoungGen      total 37888K, used 4283K [0x00000000eab00000, 0x00000000ed500000, 0x0000000100000000)
  eden space 32768K, 0% used [0x00000000eab00000,0x00000000eab00000,0x00000000ecb00000)
  from space 5120K, 83% used [0x00000000ecb00000,0x00000000ecf2ef48,0x00000000ed000000)
  to   space 5120K, 0% used [0x00000000ed000000,0x00000000ed000000,0x00000000ed500000)
 ParOldGen       total 86016K, used 553K [0x00000000c0000000, 0x00000000c5400000, 0x00000000eab00000)
  object space 86016K, 0% used [0x00000000c0000000,0x00000000c008a530,0x00000000c5400000)
 Metaspace       used 13392K, capacity 13716K, committed 13952K, reserved 1062912K
  class space    used 1262K, capacity 1296K, committed 1408K, reserved 1048576K
}
Event: 2.376 GC heap before
{Heap before GC invocations=6 (full 0):
 PSYoungGen      total 37888K, used 37051K [0x00000000eab00000, 0x00000000ed500000, 0x0000000100000000)
  eden space 32768K, 100% used [0x00000000eab00000,0x00000000ecb00000,0x00000000ecb00000)
  from space 5120K, 83% used [0x00000000ecb00000,0x00000000ecf2ef48,0x00000000ed000000)
  to   space 5120K, 0% used [0x00000000ed000000,0x00000000ed000000,0x00000000ed500000)
 ParOldGen       total 86016K, used 553K [0x00000000c0000000, 0x00000000c5400000, 0x00000000eab00000)
  object space 86016K, 0% used [0x00000000c0000000,0x00000000c008a530,0x00000000c5400000)
 Metaspace       used 13419K, capacity 13780K, committed 13952K, reserved 1062912K
  class space    used 1262K, capacity 1296K, committed 1408K, reserved 1048576K
Event: 2.379 GC heap after
Heap after GC invocations=6 (full 0):
 PSYoungGen      total 37888K, used 3912K [0x00000000eab00000, 0x00000000ed500000, 0x0000000100000000)
  eden space 32768K, 0% used [0x00000000eab00000,0x00000000eab00000,0x00000000ecb00000)
  from space 5120K, 76% used [0x00000000ed000000,0x00000000ed3d20c8,0x00000000ed500000)
  to   space 5120K, 0% used [0x00000000ecb00000,0x00000000ecb00000,0x00000000ed000000)
 ParOldGen       total 86016K, used 561K [0x00000000c0000000, 0x00000000c5400000, 0x00000000eab00000)
  object space 86016K, 0% used [0x00000000c0000000,0x00000000c008c530,0x00000000c5400000)
 Metaspace       used 13419K, capacity 13780K, committed 13952K, reserved 1062912K
  class space    used 1262K, capacity 1296K, committed 1408K, reserved 1048576K
}
Event: 2.429 GC heap before
{Heap before GC invocations=7 (full 0):
 PSYoungGen      total 37888K, used 36680K [0x00000000eab00000, 0x00000000ed500000, 0x0000000100000000)
  eden space 32768K, 100% used [0x00000000eab00000,0x00000000ecb00000,0x00000000ecb00000)
  from space 5120K, 76% used [0x00000000ed000000,0x00000000ed3d20c8,0x00000000ed500000)
  to   space 5120K, 0% used [0x00000000ecb00000,0x00000000ecb00000,0x00000000ed000000)
 ParOldGen       total 86016K, used 561K [0x00000000c0000000, 0x00000000c5400000, 0x00000000eab00000)
  object space 86016K, 0% used [0x00000000c0000000,0x00000000c008c530,0x00000000c5400000)
 Metaspace       used 13444K, capacity 13780K, committed 13952K, reserved 1062912K
  class space    used 1262K, capacity 1296K, committed 1408K, reserved 1048576K
Event: 2.432 GC heap after
Heap after GC invocations=7 (full 0):
 PSYoungGen      total 37888K, used 2672K [0x00000000eab00000, 0x00000000ed500000, 0x0000000100000000)
  eden space 32768K, 0% used [0x00000000eab00000,0x00000000eab00000,0x00000000ecb00000)
  from space 5120K, 52% used [0x00000000ecb00000,0x00000000ecd9c098,0x00000000ed000000)
  to   space 5120K, 0% used [0x00000000ed000000,0x00000000ed000000,0x00000000ed500000)
 ParOldGen       total 86016K, used 2023K [0x00000000c0000000, 0x00000000c5400000, 0x00000000eab00000)
  object space 86016K, 2% used [0x00000000c0000000,0x00000000c01f9e00,0x00000000c5400000)
 Metaspace       used 13444K, capacity 13780K, committed 13952K, reserved 1062912K
  class space    used 1262K, capacity 1296K, committed 1408K, reserved 1048576K
}
Event: 2.635 GC heap before
{Heap before GC invocations=8 (full 0):
 PSYoungGen      total 37888K, used 35440K [0x00000000eab00000, 0x00000000ed500000, 0x0000000100000000)
  eden space 32768K, 100% used [0x00000000eab00000,0x00000000ecb00000,0x00000000ecb00000)
  from space 5120K, 52% used [0x00000000ecb00000,0x00000000ecd9c098,0x00000000ed000000)
  to   space 5120K, 0% used [0x00000000ed000000,0x00000000ed000000,0x00000000ed500000)
 ParOldGen       total 86016K, used 2023K [0x00000000c0000000, 0x00000000c5400000, 0x00000000eab00000)
  object space 86016K, 2% used [0x00000000c0000000,0x00000000c01f9e00,0x00000000c5400000)
 Metaspace       used 15208K, capacity 15344K, committed 15616K, reserved 1062912K
  class space    used 1409K, capacity 1428K, committed 1536K, reserved 1048576K
Event: 2.639 GC heap after
Heap after GC invocations=8 (full 0):
 PSYoungGen      total 37888K, used 3273K [0x00000000eab00000, 0x00000000ed500000, 0x0000000100000000)
  eden space 32768K, 0% used [0x00000000eab00000,0x00000000eab00000,0x00000000ecb00000)
  from space 5120K, 63% used [0x00000000ed000000,0x00000000ed332528,0x00000000ed500000)
  to   space 5120K, 0% used [0x00000000ecb00000,0x00000000ecb00000,0x00000000ed000000)
 ParOldGen       total 86016K, used 3862K [0x00000000c0000000, 0x00000000c5400000, 0x00000000eab00000)
  object space 86016K, 4% used [0x00000000c0000000,0x00000000c03c5810,0x00000000c5400000)
 Metaspace       used 15208K, capacity 15344K, committed 15616K, reserved 1062912K
  class space    used 1409K, capacity 1428K, committed 1536K, reserved 1048576K
}

